\BOOKMARK [2][-]{section*.4}{\376\377\264\344\305\264\254\000\272\160\000\050\000i\000n\000t\000r\000o\000d\000u\000c\000t\000i\000o\000n\000\051}{}% 1
\BOOKMARK [3][-]{section*.5}{\376\377\306\260\271\254\262\224\000\040\262\004\255\154\307\170\254\000}{section*.4}% 2
\BOOKMARK [3][-]{section*.6}{\376\377\254\020\300\254\307\130\000\040\256\000}{section*.4}% 3
\BOOKMARK [2][-]{section*.7}{\376\377\301\214\325\004\322\270\306\350\305\264\000\040\316\164\323\234\322\270\271\254\000\040\323\000\000\050\000O\000u\000r\000\040\000T\000e\000a\000m\000\051}{}% 4
\BOOKMARK [2][-]{section*.8}{\376\377\307\040\262\311\302\244\000\040\302\130\000\050\000U\000n\000i\000x\000\040\000S\000h\000e\000l\000l\000\051}{}% 5
\BOOKMARK [2][-]{section*.9}{\376\377\302\130\000\050\000S\000h\000e\000l\000l\000\051\000\040\301\214\254\034}{}% 6
\BOOKMARK [3][-]{section*.11}{\376\377\302\130\307\164\000\040\273\064\305\307\307\164\254\340\000,\000\040\306\134\000\040\300\254\306\251\325\140\256\114\306\224}{section*.9}% 7
\BOOKMARK [2][-]{section*.13}{\376\377\323\014\307\174\254\374\000\040\265\024\270\011\321\240\271\254}{}% 8
\BOOKMARK [3][-]{section*.19}{\376\377\000N\000e\000l\000l\000e\307\130\000\040\323\014\307\164\325\004\267\174\307\170\000:\000\040\323\014\307\174\000\040\255\154\301\061\325\130\256\060}{section*.13}% 9
\BOOKMARK [2][-]{section*.21}{\376\377\323\014\307\174\254\374\000\040\265\024\270\011\321\240\271\254\000\040\300\335\301\061}{}% 10
\BOOKMARK [2][-]{section*.28}{\376\377\323\014\307\164\325\004\306\100\000\040\325\104\321\060}{}% 11
\BOOKMARK [3][-]{section*.32}{\376\377\000N\000e\000l\000l\000e\307\130\000\040\323\014\307\164\325\004\267\174\307\170\000\040\000P\000i\000p\000e\000l\000i\000n\000e\000:\000\040\323\014\307\174\000\040\326\125\307\170\325\130\256\060}{section*.28}% 12
\BOOKMARK [2][-]{section*.34}{\376\377\270\350\325\004\000\050\000L\000o\000o\000p\000s\000\051}{}% 13
\BOOKMARK [3][-]{section*.39}{\376\377\000N\000e\000l\000l\000e\307\130\000\040\323\014\307\164\325\004\267\174\307\170\000:\000\040\323\014\307\174\000\040\314\230\271\254\325\130\256\060}{section*.34}% 14
\BOOKMARK [2][-]{section*.43}{\376\377\302\130\000\040\302\244\320\154\271\275\322\270}{}% 15
\BOOKMARK [3][-]{section*.48}{\376\377\000N\000e\000l\000l\000e\307\130\000\040\323\014\307\164\325\004\267\174\307\170\000:\000\040\302\244\320\154\271\275\322\270\000\040\300\335\301\061\325\130\256\060}{section*.43}% 16
\BOOKMARK [2][-]{section*.50}{\376\377\323\014\307\174\000,\000\040\273\070\307\220\000,\000\040\265\024\270\011\321\240\271\254\000\040\264\361\000\040\314\076\256\060}{}% 17
\BOOKMARK [3][-]{section*.56}{\376\377\254\260\270\140}{section*.50}% 18
\BOOKMARK [2][-]{section*.58}{\376\377\256\103\307\104\000\040\300\254\306\251\325\134\000\040\274\204\310\074\000\040\255\000\271\254\000\050\000G\000i\000t\000\051}{}% 19
\BOOKMARK [2][-]{section*.59}{\376\377\274\204\310\074\000\040\255\000\271\254\000\040\301\214\254\034}{}% 20
\BOOKMARK [2][-]{section*.61}{\376\377\263\124\000\040\326\314\271\155\325\134\000\040\274\061\305\305\000\040\274\051\274\225}{}% 21
\BOOKMARK [3][-]{section*.63}{\376\377\301\044\310\025}{section*.61}% 22
\BOOKMARK [3][-]{section*.65}{\376\377\310\000\307\245\301\214\000\040\300\335\301\061\325\130\256\060}{section*.61}% 23
\BOOKMARK [3][-]{section*.66}{\376\377\323\014\307\174\000\040\274\300\254\275\300\254\325\155\000\040\315\224\310\001\325\130\256\060}{section*.61}% 24
\BOOKMARK [3][-]{section*.68}{\376\377\323\014\307\174\000\040\274\300\254\275\325\130\256\060}{section*.61}% 25
\BOOKMARK [3][-]{section*.69}{\376\377\307\164\270\045\000\040\320\320\325\330\325\130\256\060\000.}{section*.61}% 26
\BOOKMARK [3][-]{section*.70}{\376\377\306\033\000\040\274\204\310\074\000\040\274\365\255\154\325\130\256\060}{section*.61}% 27
\BOOKMARK [3][-]{section*.72}{\376\377\323\014\307\174\000\040\273\064\302\334\325\130\256\060}{section*.61}% 28
\BOOKMARK [2][-]{section*.74}{\376\377\326\021\305\305\000\050\000C\000o\000l\000l\000a\000b\000o\000r\000a\000t\000i\000o\000n\000\051}{}% 29
\BOOKMARK [2][-]{section*.82}{\376\377\315\251\263\314\000\050\000C\000o\000n\000f\000l\000i\000c\000t\000s\000\051}{}% 30
\BOOKMARK [2][-]{section*.85}{\376\377\254\365\254\034\000\040\254\374\325\131\000\050\000O\000p\000e\000n\000\040\000S\000c\000i\000e\000n\000c\000e\000\051}{}% 31
\BOOKMARK [3][-]{section*.87}{\376\377\267\174\307\164\301\040\302\361\000\050\000L\000i\000c\000e\000n\000s\000i\000n\000g\000\051}{section*.85}% 32
\BOOKMARK [3][-]{section*.88}{\376\377\326\070\302\244\323\005\000\050\000H\000o\000s\000t\000i\000n\000g\000\051}{section*.85}% 33
\BOOKMARK [2][-]{section*.90}{\376\377\000g\000i\000t\000\040\301\044\316\130}{}% 34
\BOOKMARK [2][-]{section*.95}{\376\377\323\014\307\164\303\154\000\040\325\004\270\134\255\370\267\230\274\015\000\050\000p\000y\000t\000h\000o\000n\000\051}{}% 35
\BOOKMARK [2][-]{section*.96}{\376\377\326\130\307\220\000\040\263\160\307\164\321\060\000\050\000P\000a\000t\000i\000e\000n\000t\000\040\000D\000a\000t\000a\000\051\000\040\275\204\301\035}{}% 36
\BOOKMARK [3][-]{section*.98}{\376\377\263\160\307\164\321\060\000\040\270\134\265\051\000\050\000L\000o\000a\000d\000i\000n\000g\000\051}{section*.96}% 37
\BOOKMARK [3][-]{section*.100}{\376\377\263\160\307\164\321\060\000\040\262\245\302\031\325\130\254\214\000\040\262\344\270\350\256\060}{section*.96}% 38
\BOOKMARK [3][-]{section*.103}{\376\377\325\014\270\134\323\005\000\050\000P\000l\000o\000t\000t\000i\000n\000g\000\051}{section*.96}% 39
\BOOKMARK [3][-]{section*.105}{\376\377\306\224\305\175\325\130\256\060}{section*.96}% 40
\BOOKMARK [2][-]{section*.109}{\376\377\325\150\302\030\000\040\300\335\301\061}{}% 41
\BOOKMARK [3][-]{section*.111}{\376\377\325\150\302\030\000\040\310\025\307\130\325\130\256\060}{section*.109}% 42
\BOOKMARK [3][-]{section*.112}{\376\377\325\150\302\030\000\040\265\024\274\204\256\105}{section*.109}% 43
\BOOKMARK [3][-]{section*.113}{\376\377\325\150\302\030\000\040\310\160\325\151\325\130\256\060}{section*.109}% 44
\BOOKMARK [3][-]{section*.115}{\376\377\317\134\000\040\302\244\320\335\000\050\000C\000a\000l\000l\000\040\000S\000t\000a\000c\000k\000\051}{section*.109}% 45
\BOOKMARK [3][-]{section*.117}{\376\377\321\114\302\244\323\005\254\374\000\040\273\070\301\034\326\124}{section*.109}% 46
\BOOKMARK [3][-]{section*.119}{\376\377\315\010\256\060\000\040\301\044\310\025\000\050\000D\000e\000f\000a\000u\000l\000t\000\051\000\040\310\025\307\130}{section*.109}% 47
\BOOKMARK [2][-]{section*.123}{\376\377\262\344\302\030\307\130\000\040\263\160\307\164\321\060\301\113\000\040\275\204\301\035\325\130\256\060}{}% 48
\BOOKMARK [3][-]{section*.125}{\376\377\000F\000o\000r\000\040\270\350\325\004}{section*.123}% 49
\BOOKMARK [3][-]{section*.127}{\376\377\271\254\302\244\322\270\000\050\000L\000i\000s\000t\000s\000\051}{section*.123}% 50
\BOOKMARK [3][-]{section*.130}{\376\377\262\344\302\030\000\040\323\014\307\174\000\040\314\230\271\254\325\130\256\060}{section*.123}% 51
\BOOKMARK [2][-]{section*.134}{\376\377\310\160\254\164\000\040\301\040\320\335}{}% 52
\BOOKMARK [3][-]{section*.136}{\376\377\307\164\273\370\311\300\000\040\255\370\271\254\264\334\000\040\000\050\000I\000m\000a\000g\000e\000\040\000G\000r\000i\000d\000s\000\051}{section*.134}% 53
\BOOKMARK [3][-]{section*.138}{\376\377\310\160\254\164\273\070\000\040\000\050\000C\000o\000n\000d\000i\000t\000i\000o\000n\000a\000l\000s\000\051}{section*.134}% 54
\BOOKMARK [3][-]{section*.140}{\376\377\311\021\314\251\000\040\000\050\000N\000e\000s\000t\000i\000n\000g\000\051}{section*.134}% 55
\BOOKMARK [3][-]{section*.142}{\376\377\327\210\322\270\000\040\271\365\000\040\000\050\000H\000e\000a\000t\000\040\000M\000a\000p\000\051\000\040\300\335\301\061\325\130\256\060}{section*.134}% 56
\BOOKMARK [2][-]{section*.146}{\376\377\274\051\305\264\310\001\000\040\325\004\270\134\255\370\267\230\274\015\000\040\000\050\000D\000e\000f\000e\000n\000s\000i\000v\000e\000\040\000P\000r\000o\000g\000r\000a\000m\000m\000i\000n\000g\000\051}{}% 57
\BOOKMARK [3][-]{section*.148}{\376\377\254\000\310\025\000\040\301\044\310\025\273\070\000\040\000\050\000A\000s\000s\000e\000r\000t\000i\000o\000n\000s\000\051}{section*.146}% 58
\BOOKMARK [3][-]{section*.150}{\376\377\321\114\302\244\322\270\000\040\310\374\263\304\000\040\254\034\274\034\000\040\000\050\000T\000e\000s\000t\000-\000D\000r\000i\000v\000e\000n\000\040\000D\000e\000v\000e\000l\000o\000p\000m\000e\000n\000t\000\051}{section*.146}% 59
\BOOKMARK [3][-]{section*.152}{\376\377\265\024\274\204\256\105\000\040\000\050\000D\000e\000b\000u\000g\000g\000i\000n\000g\000\051}{section*.146}% 60
\BOOKMARK [2][-]{section*.162}{\376\377\272\205\270\071\000-\267\174\307\170\000\040\325\004\270\134\255\370\267\250\000\040\000\050\000C\000o\000m\000m\000a\000n\000d\000-\000L\000i\000n\000e\000\040\000P\000r\000o\000g\000r\000a\000m\000s\000\051}{}% 61
\BOOKMARK [3][-]{section*.164}{\376\377\272\205\270\071\000-\267\174\307\170\000\040\307\170\307\220\000\040\000\050\000C\000o\000m\000m\000a\000n\000d\000-\000L\000i\000n\000e\000\040\000A\000r\000g\000u\000m\000e\000n\000t\000s\000\051}{section*.162}% 62
\BOOKMARK [3][-]{section*.167}{\376\377\262\344\302\030\000\040\323\014\307\174\000\040\314\230\271\254\325\130\256\060}{section*.162}% 63
\BOOKMARK [3][-]{section*.169}{\376\377\272\205\270\071\305\264\000-\267\174\307\170\000\040\325\014\267\230\255\370\000\050\000C\000o\000m\000m\000a\000n\000d\000-\000L\000i\000n\000e\000\040\000F\000l\000a\000g\000s\000\051\000\040\314\230\271\254\325\130\256\060}{section*.162}% 64
\BOOKMARK [3][-]{section*.171}{\376\377\324\134\311\000\000\040\307\205\270\045\000\040\000\050\000S\000t\000a\000n\000d\000a\000r\000d\000\040\000I\000n\000p\000u\000t\000\051\000\040\314\230\271\254\325\130\256\060}{section*.162}% 65
\BOOKMARK [2][-]{section*.174}{\376\377\263\160\307\164\321\060\274\240\307\164\302\244\306\100\000\040\000S\000Q\000L\000\040\300\254\306\251\325\130\256\060}{}% 66
\BOOKMARK [1][-]{section*.175}{\376\377\000S\000Q\000L\000i\000t\000e\000\040\301\044\316\130}{}% 67
\BOOKMARK [2][-]{section*.177}{\376\377\301\044\316\130}{section*.175}% 68
\BOOKMARK [3][-]{section*.178}{\376\377\000g\000i\000t\000h\000u\000b\305\320\301\034\000\040\000`\000`\000g\000e\000n\000-\000s\000u\000r\000v\000e\000y\000-\000d\000a\000t\000a\000b\000a\000s\000e\000.\000s\000q\000l\000'\000'\000\040\323\014\307\174\307\104\000\040\305\264\265\273\254\214\000\040\262\344\306\264\270\134\264\334\000\040\274\033\307\104\256\114\306\224\000?}{section*.177}% 69
\BOOKMARK [3][-]{section*.179}{\376\377\000S\000Q\000L\000i\000t\000e\000\040\000D\000B\000\040\305\360\254\260\000\040\274\017\000\040\301\044\316\130\000\040\321\114\302\244\322\270}{section*.177}% 70
\BOOKMARK [3][-]{section*.180}{\376\377\000S\000Q\000L\000i\000t\000e\0003\000\040\000D\000B\000\040\272\205\270\071\000-\267\174\307\170\000\040\307\170\321\060\323\230\307\164\302\244\000\050\000C\000L\000I\000\051\271\174\000\040\305\264\265\273\254\214\000\040\276\140\310\070\260\230\306\054\256\114\306\224\000?}{section*.177}% 71
\BOOKMARK [3][-]{section*.181}{\376\377\000S\000Q\000L\000i\000t\000e\0003\000\040\000C\000L\000I\000\040\263\000\302\340\305\320\000\040\000I\000P\000y\000t\000h\000o\000n\000\040\000n\000o\000t\000e\000b\000o\000o\000k\307\104\000\040\305\264\265\273\254\214\000\040\300\254\306\251\325\140\256\114\306\224\000?}{section*.177}% 72
\BOOKMARK [2][-]{section*.182}{\376\377\263\160\307\164\321\060\000\040\301\040\320\335\325\130\256\060}{section*.175}% 73
\BOOKMARK [3][-]{section*.184}{\376\377\310\025\307\130\000\040\272\207\254\000\311\300}{section*.182}% 74
\BOOKMARK [2][-]{section*.187}{\376\377\310\025\270\054\325\130\254\340\000\040\311\021\274\365\000\040\310\034\254\160\325\130\256\060}{section*.175}% 75
\BOOKMARK [2][-]{section*.192}{\376\377\325\104\321\060\271\301\000\040\000\050\000F\000i\000l\000t\000e\000r\000i\000n\000g\000\051}{section*.175}% 76
\BOOKMARK [2][-]{section*.196}{\376\377\300\310\270\134\306\264\000\040\254\022\000\040\254\304\300\260\325\130\256\060}{section*.175}% 77
\BOOKMARK [2][-]{section*.200}{\376\377\254\260\316\041\000\040\263\160\307\164\321\060\000\040\000\050\000M\000i\000s\000s\000i\000n\000g\000\040\000D\000a\000t\000a\000\051}{section*.175}% 78
\BOOKMARK [2][-]{section*.204}{\376\377\311\321\325\151\000\050\000A\000g\000g\000r\000e\000g\000a\000t\000i\000o\000n\000\051}{section*.175}% 79
\BOOKMARK [2][-]{section*.208}{\376\377\263\160\307\164\321\060\000\040\310\160\325\151\325\130\256\060\000\040\000\050\000C\000o\000m\000b\000i\000n\000i\000n\000g\000\040\000D\000a\000t\000a\000\051}{section*.175}% 80
\BOOKMARK [3][-]{section*.210}{\376\377\263\160\307\164\321\060\000\040\307\004\300\335\000\040\000\050\000D\000a\000t\000a\000\040\000H\000y\000g\000i\000e\000n\000e\000\051}{section*.208}% 81
\BOOKMARK [2][-]{section*.213}{\376\377\263\160\307\164\321\060\000\040\300\335\301\061\254\374\000\040\274\300\326\025\000\050\000C\000r\000e\000a\000t\000i\000n\000g\000\040\000a\000n\000d\000\040\000M\000o\000d\000i\000f\000y\000i\000n\000g\000\040\000D\000a\000t\000a\000\051}{section*.175}% 82
\BOOKMARK [2][-]{section*.217}{\376\377\263\160\307\164\321\060\274\240\307\164\302\244\270\134\000\040\325\004\270\134\255\370\267\230\274\015}{section*.175}% 83
\BOOKMARK [2][-]{section*.221}{\376\377\307\040\306\251\325\134\000\040\254\203\000\040\272\207\254\000\311\300\000\050\000e\000x\000t\000r\000a\000s\000\051}{section*.175}% 84
\BOOKMARK [2][-]{section*.222}{\376\377\000G\000i\000t\000\040\276\014\267\234\316\130\000\050\000B\000r\000a\000n\000c\000h\000i\000n\000g\000\051}{section*.175}% 85
\BOOKMARK [2][-]{section*.223}{\376\377\310\000\307\245\301\214\000\040\323\354\320\271\000\050\000F\000o\000r\000k\000i\000n\000g\000\051}{section*.175}% 86
\BOOKMARK [2][-]{section*.224}{\376\377\317\124\264\334\000\040\271\254\275\360\000\040\000\050\000C\000o\000d\000e\000\040\000R\000e\000v\000i\000e\000w\000\051}{section*.175}% 87
\BOOKMARK [2][-]{section*.225}{\376\377\271\344\262\164\305\274\000\040\323\230\307\164\311\300\000\040\000\050\000M\000a\000n\000u\000a\000l\000\040\000P\000a\000g\000e\000\051}{section*.175}% 88
\BOOKMARK [2][-]{section*.230}{\376\377\255\214\325\134\000\040\000\050\000P\000e\000r\000m\000i\000s\000s\000i\000o\000n\000s\000\051}{section*.175}% 89
\BOOKMARK [2][-]{section*.234}{\376\377\302\130\000\040\274\300\302\030\000\050\000S\000h\000e\000l\000l\000\040\000V\000a\000r\000i\000a\000b\000l\000e\000s\000\051}{section*.175}% 90
\BOOKMARK [2][-]{section*.238}{\376\377\306\320\254\251\000\040\307\221\305\305\000\050\000W\000o\000r\000k\000i\000n\000g\000\040\000R\000e\000m\000o\000t\000e\000l\000y\000\051}{section*.175}% 91
\BOOKMARK [3][-]{section*.240}{\376\377\000S\000S\000H\000\040\320\244\000\040\000\050\000S\000S\000H\000\040\000K\000e\000y\000\051}{section*.238}% 92
\BOOKMARK [2][-]{section*.242}{\376\377\306\010\306\170\000\040\314\230\271\254\000\040\000\050\000E\000x\000c\000e\000p\000t\000i\000o\000n\000s\000\051}{section*.175}% 93
\BOOKMARK [2][-]{section*.243}{\376\377\302\053\307\220\000\050\000N\000u\000m\000b\000e\000r\000s\000\051}{section*.175}% 94
\BOOKMARK [2][-]{section*.244}{\376\377\260\264\254\000\000\040\306\134\000\040\254\000\271\164\316\140\256\114\306\224\000?\000\040\000\050\000W\000h\000y\000\040\000I\000\040\000t\000e\000a\000c\000h\000\051}{section*.175}% 95
\BOOKMARK [2][-]{section*.245}{\376\377\254\025\300\254\000\040\305\110\260\264\301\034\000\040\000\050\000i\000n\000s\000t\000r\000u\000c\000t\000o\000r\000s\000\040\000g\000u\000i\000d\000e\000\051}{section*.175}% 96
\BOOKMARK [2][-]{section*.246}{\376\377\307\174\274\030\310\001\307\170\000\040\310\160\305\270}{section*.175}% 97
\BOOKMARK [2][-]{section*.249}{\376\377\307\040\262\311\302\244\000\040\302\130\000\050\000S\000h\000e\000l\000l\000\051}{section*.175}% 98
\BOOKMARK [2][-]{section*.252}{\376\377\000G\000i\000t\307\104\000\040\300\254\306\251\325\134\000\040\274\204\310\074\000\040\255\000\271\254}{section*.175}% 99
\BOOKMARK [2][-]{section*.256}{\376\377\323\014\307\164\303\154\000\040\325\004\270\134\255\370\267\230\274\015}{section*.175}% 100
\BOOKMARK [2][-]{section*.258}{\376\377\263\160\307\164\321\060\274\240\307\164\302\244\306\100\000\040\000S\000Q\000L\000\040\300\254\306\251\325\130\256\060}{section*.175}% 101
\BOOKMARK [2][-]{section*.260}{\376\377\314\070\254\340\000\040\310\025\274\364\000\050\000R\000e\000f\000e\000r\000e\000n\000c\000e\000\051}{section*.175}% 102
\BOOKMARK [2][-]{section*.261}{\376\377\302\130\000\040\314\070\254\340\000\040\310\025\274\364\000\040\000\050\000S\000h\000e\000l\000l\000\040\000R\000e\000f\000e\000r\000e\000n\000c\000e\000\051}{section*.175}% 103
\BOOKMARK [2][-]{section*.265}{\376\377\256\103\000\040\314\070\254\340\000\040\310\025\274\364\000\040\000\050\000G\000i\000t\000\040\000R\000e\000f\000e\000r\000e\000n\000c\000e\000\051}{section*.175}% 104
\BOOKMARK [2][-]{section*.266}{\376\377\000M\000e\000r\000c\000u\000r\000i\000a\000l\000\040\000R\000e\000f\000e\000r\000e\000n\000c\000e}{section*.175}% 105
\BOOKMARK [2][-]{section*.267}{\376\377\323\014\307\164\303\154\000\040\314\070\254\340\000\040\310\025\274\364\000\040\000\050\000P\000y\000t\000h\000o\000n\000\040\000R\000e\000f\000e\000r\000e\000n\000c\000e\000\051}{section*.175}% 106
\BOOKMARK [2][-]{section*.273}{\376\377\000S\000Q\000L\000\040\314\070\254\340\000\040\310\025\274\364\000\040\000\050\000S\000Q\000L\000\040\000R\000e\000f\000e\000r\000e\000n\000c\000e\000\051}{section*.175}% 107
\BOOKMARK [2][-]{section*.282}{\376\377\325\004\270\154\325\004\322\270\000\040\307\170\302\335\325\130\262\224\000\040\274\051\274\225\254\374\000\040\260\135\260\264\262\224\000\040\274\051\274\225}{section*.175}% 108
\BOOKMARK [3][-]{section*.283}{\376\377\302\130\000\040\000\050\000S\000h\000e\000l\000l\000\051}{section*.282}% 109
\BOOKMARK [3][-]{section*.285}{\376\377\323\014\307\164\303\154}{section*.282}% 110
\BOOKMARK [3][-]{section*.286}{\376\377\000R}{section*.282}% 111
\BOOKMARK [2][-]{section*.287}{\376\377\000R\000\040\314\070\254\340\000\040\310\025\274\364\000\040\000\050\000R\000\040\000R\000e\000f\000e\000r\000e\000n\000c\000e\000\051}{section*.175}% 112
\BOOKMARK [1][-]{section*.288}{\376\377\256\060\274\370\000\040\305\360\300\260}{}% 113
\BOOKMARK [1][-]{section*.289}{\376\377\310\034\305\264\327\120\271\204\000\040\000\050\000C\000o\000n\000t\000r\000o\000l\000\040\000F\000l\000o\000w\000\051}{}% 114
\BOOKMARK [1][-]{section*.290}{\376\377\325\150\302\030\000\050\000F\000u\000n\000c\000t\000i\000o\000n\000s\000\051}{}% 115
\BOOKMARK [1][-]{section*.291}{\376\377\323\050\320\244\311\300\000\050\000p\000a\000c\000k\000a\000g\000e\000\051}{}% 116
\BOOKMARK [2][-]{section*.292}{\376\377\315\224\314\234\000\040\263\304\301\034\000\040\000\050\000R\000e\000a\000d\000i\000n\000g\000\051}{section*.291}% 117
\BOOKMARK [3][-]{section*.293}{\376\377\263\304\301\034\000\040\000\050\000B\000o\000o\000k\000s\000\051}{section*.292}% 118
\BOOKMARK [3][-]{section*.294}{\376\377\261\174\273\070\000\040\000\050\000P\000a\000p\000e\000r\000s\000\051}{section*.292}% 119
\BOOKMARK [2][-]{section*.295}{\376\377\306\251\305\264\300\254\310\004\000\040\000\050\000G\000l\000o\000s\000s\000a\000r\000y\000\051}{section*.291}% 120
\BOOKMARK [2][-]{section*.296}{\376\377\255\334\316\131\000\040\000\050\000R\000u\000l\000e\000s\000\051}{section*.291}% 121
\BOOKMARK [2][-]{section*.297}{\376\377\267\174\307\164\301\074\302\244\000\040\000\050\000L\000i\000c\000e\000n\000s\000e\000s\000\051}{section*.291}% 122
\BOOKMARK [3][-]{section*.298}{\376\377\254\025\307\130\000\040\255\120\307\254}{section*.297}% 123
\BOOKMARK [3][-]{section*.303}{\376\377\301\214\325\004\322\270\306\350\305\264}{section*.297}% 124
\BOOKMARK [3][-]{section*.305}{\376\377\256\060\320\300\000\040\310\000\307\221\273\074}{section*.297}% 125
\BOOKMARK [3][-]{section*.306}{\376\377\300\301\324\134\255\214\000\050\000T\000r\000a\000d\000e\000m\000a\000r\000k\000\051}{section*.297}% 126
